<?xml version="1.0" encoding="UTF-8"?>
<testsuite xmlns:xsi="http://www.w3.org/2001/XMLSchema-instance" xsi:noNamespaceSchemaLocation="https://maven.apache.org/surefire/maven-surefire-plugin/xsd/surefire-test-report-3.0.xsd" version="3.0" name="com.praktikum.whitebox.service.ServiceInventarisTest" time="1.482" tests="18" errors="0" skipped="0" failures="0">
  <properties>
    <property name="java.specification.version" value="21"/>
    <property name="sun.cpu.isalist" value="amd64"/>
    <property name="sun.jnu.encoding" value="Cp1252"/>
    <property name="java.class.path" value="C:\TestingEnvironment\Praktikum Whitebox\target\test-classes;C:\TestingEnvironment\Praktikum Whitebox\target\classes;C:\Users\Shaw\.m2\repository\org\junit\jupiter\junit-jupiter-api\5.9.2\junit-jupiter-api-5.9.2.jar;C:\Users\Shaw\.m2\repository\org\opentest4j\opentest4j\1.2.0\opentest4j-1.2.0.jar;C:\Users\Shaw\.m2\repository\org\junit\platform\junit-platform-commons\1.9.2\junit-platform-commons-1.9.2.jar;C:\Users\Shaw\.m2\repository\org\apiguardian\apiguardian-api\1.1.2\apiguardian-api-1.1.2.jar;C:\Users\Shaw\.m2\repository\org\junit\jupiter\junit-jupiter-engine\5.9.2\junit-jupiter-engine-5.9.2.jar;C:\Users\Shaw\.m2\repository\org\junit\platform\junit-platform-engine\1.9.2\junit-platform-engine-1.9.2.jar;C:\Users\Shaw\.m2\repository\org\junit\jupiter\junit-jupiter-params\5.9.2\junit-jupiter-params-5.9.2.jar;C:\Users\Shaw\.m2\repository\org\mockito\mockito-core\5.10.0\mockito-core-5.10.0.jar;C:\Users\Shaw\.m2\repository\net\bytebuddy\byte-buddy\1.14.11\byte-buddy-1.14.11.jar;C:\Users\Shaw\.m2\repository\net\bytebuddy\byte-buddy-agent\1.14.11\byte-buddy-agent-1.14.11.jar;C:\Users\Shaw\.m2\repository\org\objenesis\objenesis\3.3\objenesis-3.3.jar;C:\Users\Shaw\.m2\repository\org\mockito\mockito-junit-jupiter\5.10.0\mockito-junit-jupiter-5.10.0.jar;"/>
    <property name="java.vm.vendor" value="Oracle Corporation"/>
    <property name="sun.arch.data.model" value="64"/>
    <property name="user.variant" value=""/>
    <property name="java.vendor.url" value="https://java.oracle.com/"/>
    <property name="user.timezone" value="Asia/Jakarta"/>
    <property name="os.name" value="Windows 11"/>
    <property name="java.vm.specification.version" value="21"/>
    <property name="sun.java.launcher" value="SUN_STANDARD"/>
    <property name="user.country" value="ID"/>
    <property name="sun.boot.library.path" value="C:\Program Files\Java\jdk-21\bin"/>
    <property name="sun.java.command" value="C:\Users\Shaw\AppData\Local\Temp\surefire16508036502607623831\surefirebooter-20251005180908877_3.jar C:\Users\Shaw\AppData\Local\Temp\surefire16508036502607623831 2025-10-05T18-09-08_594-jvmRun1 surefire-20251005180908877_1tmp surefire_0-20251005180908877_2tmp"/>
    <property name="jdk.debug" value="release"/>
    <property name="surefire.test.class.path" value="C:\TestingEnvironment\Praktikum Whitebox\target\test-classes;C:\TestingEnvironment\Praktikum Whitebox\target\classes;C:\Users\Shaw\.m2\repository\org\junit\jupiter\junit-jupiter-api\5.9.2\junit-jupiter-api-5.9.2.jar;C:\Users\Shaw\.m2\repository\org\opentest4j\opentest4j\1.2.0\opentest4j-1.2.0.jar;C:\Users\Shaw\.m2\repository\org\junit\platform\junit-platform-commons\1.9.2\junit-platform-commons-1.9.2.jar;C:\Users\Shaw\.m2\repository\org\apiguardian\apiguardian-api\1.1.2\apiguardian-api-1.1.2.jar;C:\Users\Shaw\.m2\repository\org\junit\jupiter\junit-jupiter-engine\5.9.2\junit-jupiter-engine-5.9.2.jar;C:\Users\Shaw\.m2\repository\org\junit\platform\junit-platform-engine\1.9.2\junit-platform-engine-1.9.2.jar;C:\Users\Shaw\.m2\repository\org\junit\jupiter\junit-jupiter-params\5.9.2\junit-jupiter-params-5.9.2.jar;C:\Users\Shaw\.m2\repository\org\mockito\mockito-core\5.10.0\mockito-core-5.10.0.jar;C:\Users\Shaw\.m2\repository\net\bytebuddy\byte-buddy\1.14.11\byte-buddy-1.14.11.jar;C:\Users\Shaw\.m2\repository\net\bytebuddy\byte-buddy-agent\1.14.11\byte-buddy-agent-1.14.11.jar;C:\Users\Shaw\.m2\repository\org\objenesis\objenesis\3.3\objenesis-3.3.jar;C:\Users\Shaw\.m2\repository\org\mockito\mockito-junit-jupiter\5.10.0\mockito-junit-jupiter-5.10.0.jar;"/>
    <property name="sun.cpu.endian" value="little"/>
    <property name="user.home" value="C:\Users\Shaw"/>
    <property name="user.language" value="en"/>
    <property name="java.specification.vendor" value="Oracle Corporation"/>
    <property name="java.version.date" value="2024-01-16"/>
    <property name="java.home" value="C:\Program Files\Java\jdk-21"/>
    <property name="file.separator" value="\"/>
    <property name="basedir" value="C:\TestingEnvironment\Praktikum Whitebox"/>
    <property name="java.vm.compressedOopsMode" value="Zero based"/>
    <property name="line.separator" value="&#10;"/>
    <property name="java.vm.specification.vendor" value="Oracle Corporation"/>
    <property name="java.specification.name" value="Java Platform API Specification"/>
    <property name="surefire.real.class.path" value="C:\Users\Shaw\AppData\Local\Temp\surefire16508036502607623831\surefirebooter-20251005180908877_3.jar"/>
    <property name="user.script" value=""/>
    <property name="sun.management.compiler" value="HotSpot 64-Bit Tiered Compilers"/>
    <property name="java.runtime.version" value="21.0.2+13-LTS-58"/>
    <property name="user.name" value="Shaw"/>
    <property name="stdout.encoding" value="Cp1252"/>
    <property name="path.separator" value=";"/>
    <property name="os.version" value="10.0"/>
    <property name="java.runtime.name" value="Java(TM) SE Runtime Environment"/>
    <property name="file.encoding" value="UTF-8"/>
    <property name="java.vm.name" value="Java HotSpot(TM) 64-Bit Server VM"/>
    <property name="localRepository" value="C:\Users\Shaw\.m2\repository"/>
    <property name="java.vendor.url.bug" value="https://bugreport.java.com/bugreport/"/>
    <property name="java.io.tmpdir" value="C:\Users\Shaw\AppData\Local\Temp\"/>
    <property name="java.version" value="21.0.2"/>
    <property name="user.dir" value="C:\TestingEnvironment\Praktikum Whitebox"/>
    <property name="os.arch" value="amd64"/>
    <property name="java.vm.specification.name" value="Java Virtual Machine Specification"/>
    <property name="sun.os.patch.level" value=""/>
    <property name="native.encoding" value="Cp1252"/>
    <property name="java.library.path" value="C:\Program Files\Java\jdk-21\bin;C:\WINDOWS\Sun\Java\bin;C:\WINDOWS\system32;C:\WINDOWS;C:\Program Files\Eclipse Adoptium\jdk-21.0.8.9-hotspot\bin;C:\oracle\product\10.2.0\db_4\bin;C:\oraclexe\app\oracle\product\10.2.0\server\bin;C:\Oracle10gDb\bin;C:\oracle\product\10.2.0\db_3\bin;C:\oracle\product\10.2.0\db_1\bin;C:\oracle\product\10.2.0\db_2\bin;C:\Oracle21cDB\dbhomeXE\bin;C:\Program Files\Common Files\Oracle\Java\javapath;C:\Program Files (x86)\Common Files\Oracle\Java\javapath;C:\Windows\system32;C:\Windows;C:\Windows\System32\Wbem;C:\Windows\System32\WindowsPowerShell\v1.0\;C:\Windows\System32\OpenSSH\;C:\Program Files (x86)\NVIDIA Corporation\PhysX\Common;C:\Program Files\NVIDIA Corporation\NVIDIA NvDLISR;C:\Program Files\dotnet\;C:\Users\Shaw\AppData\Local\Programs\Python\Python312\Scripts\;C:\Users\Shaw\AppData\Local\Programs\Python\Python312\;C:\Users\Shaw\AppData\Local\Programs\Python\Launcher\;C:\Users\Shaw\AppData\Local\Microsoft\WindowsApps;C:\Users\Shaw\AppData\Local\Programs\Microsoft VS Code\bin;C:\adb;C:\Program Files\MySQL\MySQL Server 8.0\bin;C:\Program Files\PuTTY\;C:\WINDOWS\system32;C:\WINDOWS;C:\WINDOWS\System32\Wbem;C:\WINDOWS\System32\WindowsPowerShell\v1.0\;C:\WINDOWS\System32\OpenSSH\;C:\instantclient_10_2;C:\Programing Language\php-8.4.4-nts-Win32-vs17-x64;C:\Programing Language\kotlin-compiler-2.1.10\kotlinc\bin;C:\Program Files\Cloudflare\Cloudflare WARP\;C:\Program Files\apache-maven-3.9.11\bin;C:\Program Files\nodejs\;C:\Program Files\Git\cmd;C:\Users\Shaw\AppData\Local\Programs\Python\Python313\Scripts\;C:\Users\Shaw\AppData\Local\Programs\Python\Python313\;C:\Users\Shaw\AppData\Local\Programs\Python\Launcher\;C:\Users\Shaw\AppData\Local\Programs\Python\Python312\Scripts\;C:\Users\Shaw\AppData\Local\Programs\Python\Python312\;C:\Users\Shaw\AppData\Local\Microsoft\WindowsApps;;C:\Users\Shaw\AppData\Local\Programs\Microsoft VS Code\bin;C:\Program Files (x86)\Nmap;C:\Users\Shaw\AppData\Roaming\npm;."/>
    <property name="java.vm.info" value="mixed mode, sharing"/>
    <property name="stderr.encoding" value="Cp1252"/>
    <property name="java.vendor" value="Oracle Corporation"/>
    <property name="java.vm.version" value="21.0.2+13-LTS-58"/>
    <property name="sun.io.unicode.encoding" value="UnicodeLittle"/>
    <property name="java.class.version" value="65.0"/>
  </properties>
  <testcase name="testGetProdukStokHabis_ListKosong" classname="com.praktikum.whitebox.service.ServiceInventarisTest" time="1.388">
    <system-err><![CDATA[WARNING: A Java agent has been loaded dynamically (C:\Users\Shaw\.m2\repository\net\bytebuddy\byte-buddy-agent\1.14.11\byte-buddy-agent-1.14.11.jar)
WARNING: If a serviceability tool is in use, please run with -XX:+EnableDynamicAgentLoading to hide this warning
WARNING: If a serviceability tool is not in use, please run with -Djdk.instrument.traceUsage for more information
WARNING: Dynamic loading of agents will be disallowed by default in a future release
]]></system-err>
  </testcase>
  <testcase name="testKeluarStokGagalStokTidakMencukupi" classname="com.praktikum.whitebox.service.ServiceInventarisTest" time="0.011"/>
  <testcase name="testGetProdukStokHabis_DataDitemukan" classname="com.praktikum.whitebox.service.ServiceInventarisTest" time="0.003"/>
  <testcase name="testKeluarStok_GagalProdukTidakAktif" classname="com.praktikum.whitebox.service.ServiceInventarisTest" time="0.003"/>
  <testcase name="testHitungTotalStok_Berhasil" classname="com.praktikum.whitebox.service.ServiceInventarisTest" time="0.005"/>
  <testcase name="testHitungTotalStok_HanyaProdukAktif" classname="com.praktikum.whitebox.service.ServiceInventarisTest" time="0.002"/>
  <testcase name="testKeluarStokBerhasil" classname="com.praktikum.whitebox.service.ServiceInventarisTest" time="0.005"/>
  <testcase name="testHitungTotalNilaiInventaris" classname="com.praktikum.whitebox.service.ServiceInventarisTest" time="0.008"/>
  <testcase name="testHitungTotalNilaiInventaris_Berhasil" classname="com.praktikum.whitebox.service.ServiceInventarisTest" time="0.004"/>
  <testcase name="testUpdateStok_GagalStokNegatif" classname="com.praktikum.whitebox.service.ServiceInventarisTest" time="0.005"/>
  <testcase name="testTambahProdukGagalSudahAda" classname="com.praktikum.whitebox.service.ServiceInventarisTest" time="0.005"/>
  <testcase name="testHitungTotalStok_ListKosong" classname="com.praktikum.whitebox.service.ServiceInventarisTest" time="0.002"/>
  <testcase name="testTambahProdukGagalHargaTidakValid" classname="com.praktikum.whitebox.service.ServiceInventarisTest" time="0.002"/>
  <testcase name="testUpdateStok_Berhasil" classname="com.praktikum.whitebox.service.ServiceInventarisTest" time="0.002"/>
  <testcase name="testGetProdukStokMenipis_Berhasil" classname="com.praktikum.whitebox.service.ServiceInventarisTest" time="0.003"/>
  <testcase name="testGetProdukStokMenipis" classname="com.praktikum.whitebox.service.ServiceInventarisTest" time="0.002"/>
  <testcase name="testUpdateStok_GagalTidakDitemukan" classname="com.praktikum.whitebox.service.ServiceInventarisTest" time="0.002"/>
  <testcase name="testTambahProdukBerhasil" classname="com.praktikum.whitebox.service.ServiceInventarisTest" time="0.003"/>
</testsuite>